<?xml version="1.0" encoding="UTF-8"?>
<!-- Generated by org.testng.reporters.JUnitXMLReporter -->
<testsuite ignored="0" hostname="DESKTOP-OFA3VR4" failures="0" tests="1" name="LoginTest" time="8.66" errors="0" timestamp="2025-10-23T11:06:08 IST">
  <testcase classname="com.utilities.TestBase" name="@BeforeMethod setUp" time="8.607">
    <failure type="com.microsoft.playwright.PlaywrightException" message="Error {
  message=&amp;apos;Chromium distribution &amp;apos;chrome&amp;apos; is not found at C:\Users\Dell\AppData\Local\Google\Chrome\Application\chrome.exe
Run &amp;quot;mvn exec:java -e -D exec.mainClass=com.microsoft.playwright.CLI -D exec.args=&amp;quot;install chrome&amp;quot;&amp;quot;
  name=&amp;apos;Error
  stack=&amp;apos;Error: Chromium distribution &amp;apos;chrome&amp;apos; is not found at C:\Users\Dell\AppData\Local\Google\Chrome\Application\chrome.exe
Run &amp;quot;mvn exec:java -e -D exec.mainClass=com.microsoft.playwright.CLI -D exec.args=&amp;quot;install chrome&amp;quot;&amp;quot;
    at executablePath (C:\Users\Dell\AppData\Local\Temp\playwright-java-18280904149367090476\package\lib\server\registry\index.js:806:13)
    at Object.executablePathOrDie (C:\Users\Dell\AppData\Local\Temp\playwright-java-18280904149367090476\package\lib\server\registry\index.js:814:45)
    at Chromium._prepareToLaunch (C:\Users\Dell\AppData\Local\Temp\playwright-java-18280904149367090476\package\lib\server\browserType.js:172:39)
    at async Chromium._launchProcess (C:\Users\Dell\AppData\Local\Temp\playwright-java-18280904149367090476\package\lib\server\browserType.js:184:22)
    at async Chromium._innerLaunch (C:\Users\Dell\AppData\Local\Temp\playwright-java-18280904149367090476\package\lib\server\browserType.js:106:70)
    at async Chromium._innerLaunchWithRetries (C:\Users\Dell\AppData\Local\Temp\playwright-java-18280904149367090476\package\lib\server\browserType.js:93:14)
    at async BrowserTypeDispatcher.launch (C:\Users\Dell\AppData\Local\Temp\playwright-java-18280904149367090476\package\lib\server\dispatchers\browserTypeDispatcher.js:39:21)
    at async ProgressController.run (C:\Users\Dell\AppData\Local\Temp\playwright-java-18280904149367090476\package\lib\server\progress.js:139:41)
    at async BrowserTypeDispatcher._runCommand (C:\Users\Dell\AppData\Local\Temp\playwright-java-18280904149367090476\package\lib\server\dispatchers\dispatcher.js:91:14)
    at async DispatcherConnection.dispatch (C:\Users\Dell\AppData\Local\Temp\playwright-java-18280904149367090476\package\lib\server\dispatchers\dispatcher.js:322:22)
}">
      <![CDATA[com.microsoft.playwright.PlaywrightException: Error {
  message='Chromium distribution 'chrome' is not found at C:\Users\Dell\AppData\Local\Google\Chrome\Application\chrome.exe
Run "mvn exec:java -e -D exec.mainClass=com.microsoft.playwright.CLI -D exec.args="install chrome""
  name='Error
  stack='Error: Chromium distribution 'chrome' is not found at C:\Users\Dell\AppData\Local\Google\Chrome\Application\chrome.exe
Run "mvn exec:java -e -D exec.mainClass=com.microsoft.playwright.CLI -D exec.args="install chrome""
    at executablePath (C:\Users\Dell\AppData\Local\Temp\playwright-java-18280904149367090476\package\lib\server\registry\index.js:806:13)
    at Object.executablePathOrDie (C:\Users\Dell\AppData\Local\Temp\playwright-java-18280904149367090476\package\lib\server\registry\index.js:814:45)
    at Chromium._prepareToLaunch (C:\Users\Dell\AppData\Local\Temp\playwright-java-18280904149367090476\package\lib\server\browserType.js:172:39)
    at async Chromium._launchProcess (C:\Users\Dell\AppData\Local\Temp\playwright-java-18280904149367090476\package\lib\server\browserType.js:184:22)
    at async Chromium._innerLaunch (C:\Users\Dell\AppData\Local\Temp\playwright-java-18280904149367090476\package\lib\server\browserType.js:106:70)
    at async Chromium._innerLaunchWithRetries (C:\Users\Dell\AppData\Local\Temp\playwright-java-18280904149367090476\package\lib\server\browserType.js:93:14)
    at async BrowserTypeDispatcher.launch (C:\Users\Dell\AppData\Local\Temp\playwright-java-18280904149367090476\package\lib\server\dispatchers\browserTypeDispatcher.js:39:21)
    at async ProgressController.run (C:\Users\Dell\AppData\Local\Temp\playwright-java-18280904149367090476\package\lib\server\progress.js:139:41)
    at async BrowserTypeDispatcher._runCommand (C:\Users\Dell\AppData\Local\Temp\playwright-java-18280904149367090476\package\lib\server\dispatchers\dispatcher.js:91:14)
    at async DispatcherConnection.dispatch (C:\Users\Dell\AppData\Local\Temp\playwright-java-18280904149367090476\package\lib\server\dispatchers\dispatcher.js:322:22)
}
at com.microsoft.playwright.impl.WaitableResult.get(WaitableResult.java:56)
at com.microsoft.playwright.impl.ChannelOwner.runUntil(ChannelOwner.java:138)
at com.microsoft.playwright.impl.Connection.sendMessage(Connection.java:131)
at com.microsoft.playwright.impl.ChannelOwner.sendMessage(ChannelOwner.java:124)
at com.microsoft.playwright.impl.BrowserTypeImpl.launch(BrowserTypeImpl.java:48)
at com.microsoft.playwright.impl.BrowserTypeImpl.launch(BrowserTypeImpl.java:35)
at com.utilities.TestBase.setUp(TestBase.java:30)
at java.base/java.util.ArrayList.forEach(ArrayList.java:1596)
Caused by: com.microsoft.playwright.impl.DriverException: Error {
  message='Chromium distribution 'chrome' is not found at C:\Users\Dell\AppData\Local\Google\Chrome\Application\chrome.exe
Run "mvn exec:java -e -D exec.mainClass=com.microsoft.playwright.CLI -D exec.args="install chrome""
  name='Error
  stack='Error: Chromium distribution 'chrome' is not found at C:\Users\Dell\AppData\Local\Google\Chrome\Application\chrome.exe
Run "mvn exec:java -e -D exec.mainClass=com.microsoft.playwright.CLI -D exec.args="install chrome""
    at executablePath (C:\Users\Dell\AppData\Local\Temp\playwright-java-18280904149367090476\package\lib\server\registry\index.js:806:13)
    at Object.executablePathOrDie (C:\Users\Dell\AppData\Local\Temp\playwright-java-18280904149367090476\package\lib\server\registry\index.js:814:45)
    at Chromium._prepareToLaunch (C:\Users\Dell\AppData\Local\Temp\playwright-java-18280904149367090476\package\lib\server\browserType.js:172:39)
    at async Chromium._launchProcess (C:\Users\Dell\AppData\Local\Temp\playwright-java-18280904149367090476\package\lib\server\browserType.js:184:22)
    at async Chromium._innerLaunch (C:\Users\Dell\AppData\Local\Temp\playwright-java-18280904149367090476\package\lib\server\browserType.js:106:70)
    at async Chromium._innerLaunchWithRetries (C:\Users\Dell\AppData\Local\Temp\playwright-java-18280904149367090476\package\lib\server\browserType.js:93:14)
    at async BrowserTypeDispatcher.launch (C:\Users\Dell\AppData\Local\Temp\playwright-java-18280904149367090476\package\lib\server\dispatchers\browserTypeDispatcher.js:39:21)
    at async ProgressController.run (C:\Users\Dell\AppData\Local\Temp\playwright-java-18280904149367090476\package\lib\server\progress.js:139:41)
    at async BrowserTypeDispatcher._runCommand (C:\Users\Dell\AppData\Local\Temp\playwright-java-18280904149367090476\package\lib\server\dispatchers\dispatcher.js:91:14)
    at async DispatcherConnection.dispatch (C:\Users\Dell\AppData\Local\Temp\playwright-java-18280904149367090476\package\lib\server\dispatchers\dispatcher.js:322:22)
}
at com.microsoft.playwright.impl.Connection.dispatch(Connection.java:262)
at com.microsoft.playwright.impl.Connection.processOneMessage(Connection.java:214)
at com.microsoft.playwright.impl.ChannelOwner.runUntil(ChannelOwner.java:136)
... 35 more
... Removed 29 stack frames]]>
    </failure>
  </testcase> <!-- @BeforeMethod setUp -->
  <testcase classname="com.utilities.TestBase" name="@AfterMethod tearDown" time="0.0">
    <skipped/>
  </testcase> <!-- @AfterMethod tearDown -->
  <testcase classname="com.tests.LoginTest" name="testValidLogin" time="0.0">
    <skipped/>
  </testcase> <!-- testValidLogin -->
</testsuite> <!-- LoginTest -->
