<html>
<head>
<title>TestNG:  LoginTest</title>
<link href="../testng.css" rel="stylesheet" type="text/css" />
<link href="../my-testng.css" rel="stylesheet" type="text/css" />

<style type="text/css">
.log { display: none;} 
.stack-trace { display: none;} 
</style>
<script type="text/javascript">
<!--
function flip(e) {
  current = e.style.display;
  if (current == 'block') {
    e.style.display = 'none';
    return 0;
  }
  else {
    e.style.display = 'block';
    return 1;
  }
}

function toggleBox(szDivId, elem, msg1, msg2)
{
  var res = -1;  if (document.getElementById) {
    res = flip(document.getElementById(szDivId));
  }
  else if (document.all) {
    // this is the way old msie versions work
    res = flip(document.all[szDivId]);
  }
  if(elem) {
    if(res == 0) elem.innerHTML = msg1; else elem.innerHTML = msg2;
  }

}

function toggleAllBoxes() {
  if (document.getElementsByTagName) {
    d = document.getElementsByTagName('div');
    for (i = 0; i < d.length; i++) {
      if (d[i].className == 'log') {
        flip(d[i]);
      }
    }
  }
}

// -->
</script>

</head>
<body>
<h2 align='center'>LoginTest</h2><table border='1' align="center">
<tr>
<td>Tests passed/Failed/Skipped:</td><td>0/0/1</td>
</tr><tr>
<td>Started on:</td><td>Thu Oct 23 11:06:00 IST 2025</td>
</tr>
<tr><td>Total time:</td><td>8 seconds (8660 ms)</td>
</tr><tr>
<td>Included groups:</td><td></td>
</tr><tr>
<td>Excluded groups:</td><td></td>
</tr>
</table><p/>
<small><i>(Hover the method name to see the test class name)</i></small><p/>
<table width='100%' border='1' class='invocation-failed'>
<tr><td colspan='4' align='center'><b>FAILED CONFIGURATIONS</b></td></tr>
<tr><td><b>Test method</b></td>
<td><b>Attribute(s)</b></td>
<td width="30%"><b>Exception</b></td>
<td width="10%"><b>Time (seconds)</b></td>
<td><b>Instance</b></td>
</tr>
<tr>
<td title='com.tests.LoginTest.setUp()'><b>setUp</b><br>Test class: com.tests.LoginTest<br>Parameters: chromium</td>
<td><div><pre>com.microsoft.playwright.PlaywrightException: Error {
  message=&apos;Chromium distribution &apos;chrome&apos; is not found at C:\Users\Dell\AppData\Local\Google\Chrome\Application\chrome.exe
Run &quot;mvn exec:java -e -D exec.mainClass=com.microsoft.playwright.CLI -D exec.args=&quot;install chrome&quot;&quot;
  name=&apos;Error
  stack=&apos;Error: Chromium distribution &apos;chrome&apos; is not found at C:\Users\Dell\AppData\Local\Google\Chrome\Application\chrome.exe
Run &quot;mvn exec:java -e -D exec.mainClass=com.microsoft.playwright.CLI -D exec.args=&quot;install chrome&quot;&quot;
    at executablePath (C:\Users\Dell\AppData\Local\Temp\playwright-java-18280904149367090476\package\lib\server\registry\index.js:806:13)
    at Object.executablePathOrDie (C:\Users\Dell\AppData\Local\Temp\playwright-java-18280904149367090476\package\lib\server\registry\index.js:814:45)
    at Chromium._prepareToLaunch (C:\Users\Dell\AppData\Local\Temp\playwright-java-18280904149367090476\package\lib\server\browserType.js:172:39)
    at async Chromium._launchProcess (C:\Users\Dell\AppData\Local\Temp\playwright-java-18280904149367090476\package\lib\server\browserType.js:184:22)
    at async Chromium._innerLaunch (C:\Users\Dell\AppData\Local\Temp\playwright-java-18280904149367090476\package\lib\server\browserType.js:106:70)
    at async Chromium._innerLaunchWithRetries (C:\Users\Dell\AppData\Local\Temp\playwright-java-18280904149367090476\package\lib\server\browserType.js:93:14)
    at async BrowserTypeDispatcher.launch (C:\Users\Dell\AppData\Local\Temp\playwright-java-18280904149367090476\package\lib\server\dispatchers\browserTypeDispatcher.js:39:21)
    at async ProgressController.run (C:\Users\Dell\AppData\Local\Temp\playwright-java-18280904149367090476\package\lib\server\progress.js:139:41)
    at async BrowserTypeDispatcher._runCommand (C:\Users\Dell\AppData\Local\Temp\playwright-java-18280904149367090476\package\lib\server\dispatchers\dispatcher.js:91:14)
    at async DispatcherConnection.dispatch (C:\Users\Dell\AppData\Local\Temp\playwright-java-18280904149367090476\package\lib\server\dispatchers\dispatcher.js:322:22)
}
	at com.microsoft.playwright.impl.WaitableResult.get(WaitableResult.java:56)
	at com.microsoft.playwright.impl.ChannelOwner.runUntil(ChannelOwner.java:138)
	at com.microsoft.playwright.impl.Connection.sendMessage(Connection.java:131)
	at com.microsoft.playwright.impl.ChannelOwner.sendMessage(ChannelOwner.java:124)
	at com.microsoft.playwright.impl.BrowserTypeImpl.launch(BrowserTypeImpl.java:48)
	at com.microsoft.playwright.impl.BrowserTypeImpl.launch(BrowserTypeImpl.java:35)
	at com.utilities.TestBase.setUp(TestBase.java:30)
	at java.base/java.util.ArrayList.forEach(ArrayList.java:1596)
Caused by: com.microsoft.playwright.impl.DriverException: Error {
  message=&apos;Chromium distribution &apos;chrome&apos; is not found at C:\Users\Dell\AppData\Local\Google\Chrome\Application\chrome.exe
Run &quot;mvn exec:java -e -D exec.mainClass=com.microsoft.playwright.CLI -D exec.args=&quot;install chrome&quot;&quot;
  name=&apos;Error
  stack=&apos;Error: Chromium distribution &apos;chrome&apos; is not found at C:\Users\Dell\AppData\Local\Google\Chrome\Application\chrome.exe
Run &quot;mvn exec:java -e -D exec.mainClass=com.microsoft.playwright.CLI -D exec.args=&quot;install chrome&quot;&quot;
    at executablePath (C:\Users\Dell\AppData\Local\Temp\playwright-java-18280904149367090476\package\lib\server\registry\index.js:806:13)
    at Object.executablePathOrDie (C:\Users\Dell\AppData\Local\Temp\playwright-java-18280904149367090476\package\lib\server\registry\index.js:814:45)
    at Chromium._prepareToLaunch (C:\Users\Dell\AppData\Local\Temp\playwright-java-18280904149367090476\package\lib\server\browserType.js:172:39)
    at async Chromium._launchProcess (C:\Users\Dell\AppData\Local\Temp\playwright-java-18280904149367090476\package\lib\server\browserType.js:184:22)
    at async Chromium._innerLaunch (C:\Users\Dell\AppData\Local\Temp\playwright-java-18280904149367090476\package\lib\server\browserType.js:106:70)
    at async Chromium._innerLaunchWithRetries (C:\Users\Dell\AppData\Local\Temp\playwright-java-18280904149367090476\package\lib\server\browserType.js:93:14)
    at async BrowserTypeDispatcher.launch (C:\Users\Dell\AppData\Local\Temp\playwright-java-18280904149367090476\package\lib\server\dispatchers\browserTypeDispatcher.js:39:21)
    at async ProgressController.run (C:\Users\Dell\AppData\Local\Temp\playwright-java-18280904149367090476\package\lib\server\progress.js:139:41)
    at async BrowserTypeDispatcher._runCommand (C:\Users\Dell\AppData\Local\Temp\playwright-java-18280904149367090476\package\lib\server\dispatchers\dispatcher.js:91:14)
    at async DispatcherConnection.dispatch (C:\Users\Dell\AppData\Local\Temp\playwright-java-18280904149367090476\package\lib\server\dispatchers\dispatcher.js:322:22)
}
	at com.microsoft.playwright.impl.Connection.dispatch(Connection.java:262)
	at com.microsoft.playwright.impl.Connection.processOneMessage(Connection.java:214)
	at com.microsoft.playwright.impl.ChannelOwner.runUntil(ChannelOwner.java:136)
	... 35 more
... Removed 29 stack frames</pre></div><a href='#' onClick='toggleBox("stack-trace1730704097", this, "Click to show all stack frames", "Click to hide stack frames")'>Click to show all stack frames</a>
<div class='stack-trace' id='stack-trace1730704097'><pre>com.microsoft.playwright.PlaywrightException: Error {
  message=&apos;Chromium distribution &apos;chrome&apos; is not found at C:\Users\Dell\AppData\Local\Google\Chrome\Application\chrome.exe
Run &quot;mvn exec:java -e -D exec.mainClass=com.microsoft.playwright.CLI -D exec.args=&quot;install chrome&quot;&quot;
  name=&apos;Error
  stack=&apos;Error: Chromium distribution &apos;chrome&apos; is not found at C:\Users\Dell\AppData\Local\Google\Chrome\Application\chrome.exe
Run &quot;mvn exec:java -e -D exec.mainClass=com.microsoft.playwright.CLI -D exec.args=&quot;install chrome&quot;&quot;
    at executablePath (C:\Users\Dell\AppData\Local\Temp\playwright-java-18280904149367090476\package\lib\server\registry\index.js:806:13)
    at Object.executablePathOrDie (C:\Users\Dell\AppData\Local\Temp\playwright-java-18280904149367090476\package\lib\server\registry\index.js:814:45)
    at Chromium._prepareToLaunch (C:\Users\Dell\AppData\Local\Temp\playwright-java-18280904149367090476\package\lib\server\browserType.js:172:39)
    at async Chromium._launchProcess (C:\Users\Dell\AppData\Local\Temp\playwright-java-18280904149367090476\package\lib\server\browserType.js:184:22)
    at async Chromium._innerLaunch (C:\Users\Dell\AppData\Local\Temp\playwright-java-18280904149367090476\package\lib\server\browserType.js:106:70)
    at async Chromium._innerLaunchWithRetries (C:\Users\Dell\AppData\Local\Temp\playwright-java-18280904149367090476\package\lib\server\browserType.js:93:14)
    at async BrowserTypeDispatcher.launch (C:\Users\Dell\AppData\Local\Temp\playwright-java-18280904149367090476\package\lib\server\dispatchers\browserTypeDispatcher.js:39:21)
    at async ProgressController.run (C:\Users\Dell\AppData\Local\Temp\playwright-java-18280904149367090476\package\lib\server\progress.js:139:41)
    at async BrowserTypeDispatcher._runCommand (C:\Users\Dell\AppData\Local\Temp\playwright-java-18280904149367090476\package\lib\server\dispatchers\dispatcher.js:91:14)
    at async DispatcherConnection.dispatch (C:\Users\Dell\AppData\Local\Temp\playwright-java-18280904149367090476\package\lib\server\dispatchers\dispatcher.js:322:22)
}
	at com.microsoft.playwright.impl.WaitableResult.get(WaitableResult.java:56)
	at com.microsoft.playwright.impl.ChannelOwner.runUntil(ChannelOwner.java:138)
	at com.microsoft.playwright.impl.Connection.sendMessage(Connection.java:131)
	at com.microsoft.playwright.impl.ChannelOwner.sendMessage(ChannelOwner.java:124)
	at com.microsoft.playwright.impl.BrowserTypeImpl.launch(BrowserTypeImpl.java:48)
	at com.microsoft.playwright.impl.BrowserTypeImpl.launch(BrowserTypeImpl.java:35)
	at com.utilities.TestBase.setUp(TestBase.java:30)
	at java.base/jdk.internal.reflect.DirectMethodHandleAccessor.invoke(DirectMethodHandleAccessor.java:103)
	at java.base/java.lang.reflect.Method.invoke(Method.java:580)
	at org.testng.internal.invokers.MethodInvocationHelper.invokeMethod(MethodInvocationHelper.java:139)
	at org.testng.internal.invokers.MethodInvocationHelper.invokeMethodConsideringTimeout(MethodInvocationHelper.java:69)
	at org.testng.internal.invokers.ConfigInvoker.invokeConfigurationMethod(ConfigInvoker.java:361)
	at org.testng.internal.invokers.ConfigInvoker.invokeConfigurations(ConfigInvoker.java:296)
	at org.testng.internal.invokers.TestInvoker.runConfigMethods(TestInvoker.java:823)
	at org.testng.internal.invokers.TestInvoker.invokeMethod(TestInvoker.java:590)
	at org.testng.internal.invokers.TestInvoker.invokeTestMethod(TestInvoker.java:221)
	at org.testng.internal.invokers.MethodRunner.runInSequence(MethodRunner.java:50)
	at org.testng.internal.invokers.TestInvoker$MethodInvocationAgent.invoke(TestInvoker.java:969)
	at org.testng.internal.invokers.TestInvoker.invokeTestMethods(TestInvoker.java:194)
	at org.testng.internal.invokers.TestMethodWorker.invokeTestMethods(TestMethodWorker.java:148)
	at org.testng.internal.invokers.TestMethodWorker.run(TestMethodWorker.java:128)
	at java.base/java.util.ArrayList.forEach(ArrayList.java:1596)
	at org.testng.TestRunner.privateRun(TestRunner.java:829)
	at org.testng.TestRunner.run(TestRunner.java:602)
	at org.testng.SuiteRunner.runTest(SuiteRunner.java:437)
	at org.testng.SuiteRunner.runSequentially(SuiteRunner.java:431)
	at org.testng.SuiteRunner.privateRun(SuiteRunner.java:391)
	at org.testng.SuiteRunner.run(SuiteRunner.java:330)
	at org.testng.SuiteRunnerWorker.runSuite(SuiteRunnerWorker.java:52)
	at org.testng.SuiteRunnerWorker.run(SuiteRunnerWorker.java:95)
	at org.testng.TestNG.runSuitesSequentially(TestNG.java:1256)
	at org.testng.TestNG.runSuitesLocally(TestNG.java:1176)
	at org.testng.TestNG.runSuites(TestNG.java:1099)
	at org.testng.TestNG.run(TestNG.java:1067)
	at org.testng.remote.AbstractRemoteTestNG.run(AbstractRemoteTestNG.java:115)
	at org.testng.remote.RemoteTestNG.initAndRun(RemoteTestNG.java:293)
	at org.testng.remote.RemoteTestNG.main(RemoteTestNG.java:91)
Caused by: com.microsoft.playwright.impl.DriverException: Error {
  message=&apos;Chromium distribution &apos;chrome&apos; is not found at C:\Users\Dell\AppData\Local\Google\Chrome\Application\chrome.exe
Run &quot;mvn exec:java -e -D exec.mainClass=com.microsoft.playwright.CLI -D exec.args=&quot;install chrome&quot;&quot;
  name=&apos;Error
  stack=&apos;Error: Chromium distribution &apos;chrome&apos; is not found at C:\Users\Dell\AppData\Local\Google\Chrome\Application\chrome.exe
Run &quot;mvn exec:java -e -D exec.mainClass=com.microsoft.playwright.CLI -D exec.args=&quot;install chrome&quot;&quot;
    at executablePath (C:\Users\Dell\AppData\Local\Temp\playwright-java-18280904149367090476\package\lib\server\registry\index.js:806:13)
    at Object.executablePathOrDie (C:\Users\Dell\AppData\Local\Temp\playwright-java-18280904149367090476\package\lib\server\registry\index.js:814:45)
    at Chromium._prepareToLaunch (C:\Users\Dell\AppData\Local\Temp\playwright-java-18280904149367090476\package\lib\server\browserType.js:172:39)
    at async Chromium._launchProcess (C:\Users\Dell\AppData\Local\Temp\playwright-java-18280904149367090476\package\lib\server\browserType.js:184:22)
    at async Chromium._innerLaunch (C:\Users\Dell\AppData\Local\Temp\playwright-java-18280904149367090476\package\lib\server\browserType.js:106:70)
    at async Chromium._innerLaunchWithRetries (C:\Users\Dell\AppData\Local\Temp\playwright-java-18280904149367090476\package\lib\server\browserType.js:93:14)
    at async BrowserTypeDispatcher.launch (C:\Users\Dell\AppData\Local\Temp\playwright-java-18280904149367090476\package\lib\server\dispatchers\browserTypeDispatcher.js:39:21)
    at async ProgressController.run (C:\Users\Dell\AppData\Local\Temp\playwright-java-18280904149367090476\package\lib\server\progress.js:139:41)
    at async BrowserTypeDispatcher._runCommand (C:\Users\Dell\AppData\Local\Temp\playwright-java-18280904149367090476\package\lib\server\dispatchers\dispatcher.js:91:14)
    at async DispatcherConnection.dispatch (C:\Users\Dell\AppData\Local\Temp\playwright-java-18280904149367090476\package\lib\server\dispatchers\dispatcher.js:322:22)
}
	at com.microsoft.playwright.impl.Connection.dispatch(Connection.java:262)
	at com.microsoft.playwright.impl.Connection.processOneMessage(Connection.java:214)
	at com.microsoft.playwright.impl.ChannelOwner.runUntil(ChannelOwner.java:136)
	... 35 more
</pre></div></td>
<td>8</td>
<td>com.tests.LoginTest@8f4ea7c</td></tr>
</table><p>
<table width='100%' border='1' class='invocation-skipped'>
<tr><td colspan='4' align='center'><b>SKIPPED CONFIGURATIONS</b></td></tr>
<tr><td><b>Test method</b></td>
<td><b>Attribute(s)</b></td>
<td width="30%"><b>Exception</b></td>
<td width="10%"><b>Time (seconds)</b></td>
<td><b>Instance</b></td>
</tr>
<tr>
<td title='com.tests.LoginTest.tearDown()'><b>tearDown</b><br>Test class: com.tests.LoginTest</td>
<td></td>
<td>0</td>
<td>com.tests.LoginTest@8f4ea7c</td></tr>
</table><p>
<table width='100%' border='1' class='invocation-skipped'>
<tr><td colspan='4' align='center'><b>SKIPPED TESTS</b></td></tr>
<tr><td><b>Test method</b></td>
<td><b>Attribute(s)</b></td>
<td width="30%"><b>Exception</b></td>
<td width="10%"><b>Time (seconds)</b></td>
<td><b>Instance</b></td>
</tr>
<tr>
<td title='com.tests.LoginTest.testValidLogin()'><b>testValidLogin</b><br>Test class: com.tests.LoginTest<br>Test method: Valid login and user management flow</td>
<td><div><pre>com.microsoft.playwright.PlaywrightException: Error {
  message=&apos;Chromium distribution &apos;chrome&apos; is not found at C:\Users\Dell\AppData\Local\Google\Chrome\Application\chrome.exe
Run &quot;mvn exec:java -e -D exec.mainClass=com.microsoft.playwright.CLI -D exec.args=&quot;install chrome&quot;&quot;
  name=&apos;Error
  stack=&apos;Error: Chromium distribution &apos;chrome&apos; is not found at C:\Users\Dell\AppData\Local\Google\Chrome\Application\chrome.exe
Run &quot;mvn exec:java -e -D exec.mainClass=com.microsoft.playwright.CLI -D exec.args=&quot;install chrome&quot;&quot;
    at executablePath (C:\Users\Dell\AppData\Local\Temp\playwright-java-18280904149367090476\package\lib\server\registry\index.js:806:13)
    at Object.executablePathOrDie (C:\Users\Dell\AppData\Local\Temp\playwright-java-18280904149367090476\package\lib\server\registry\index.js:814:45)
    at Chromium._prepareToLaunch (C:\Users\Dell\AppData\Local\Temp\playwright-java-18280904149367090476\package\lib\server\browserType.js:172:39)
    at async Chromium._launchProcess (C:\Users\Dell\AppData\Local\Temp\playwright-java-18280904149367090476\package\lib\server\browserType.js:184:22)
    at async Chromium._innerLaunch (C:\Users\Dell\AppData\Local\Temp\playwright-java-18280904149367090476\package\lib\server\browserType.js:106:70)
    at async Chromium._innerLaunchWithRetries (C:\Users\Dell\AppData\Local\Temp\playwright-java-18280904149367090476\package\lib\server\browserType.js:93:14)
    at async BrowserTypeDispatcher.launch (C:\Users\Dell\AppData\Local\Temp\playwright-java-18280904149367090476\package\lib\server\dispatchers\browserTypeDispatcher.js:39:21)
    at async ProgressController.run (C:\Users\Dell\AppData\Local\Temp\playwright-java-18280904149367090476\package\lib\server\progress.js:139:41)
    at async BrowserTypeDispatcher._runCommand (C:\Users\Dell\AppData\Local\Temp\playwright-java-18280904149367090476\package\lib\server\dispatchers\dispatcher.js:91:14)
    at async DispatcherConnection.dispatch (C:\Users\Dell\AppData\Local\Temp\playwright-java-18280904149367090476\package\lib\server\dispatchers\dispatcher.js:322:22)
}
	at com.microsoft.playwright.impl.WaitableResult.get(WaitableResult.java:56)
	at com.microsoft.playwright.impl.ChannelOwner.runUntil(ChannelOwner.java:138)
	at com.microsoft.playwright.impl.Connection.sendMessage(Connection.java:131)
	at com.microsoft.playwright.impl.ChannelOwner.sendMessage(ChannelOwner.java:124)
	at com.microsoft.playwright.impl.BrowserTypeImpl.launch(BrowserTypeImpl.java:48)
	at com.microsoft.playwright.impl.BrowserTypeImpl.launch(BrowserTypeImpl.java:35)
	at com.utilities.TestBase.setUp(TestBase.java:30)
	at java.base/java.util.ArrayList.forEach(ArrayList.java:1596)
Caused by: com.microsoft.playwright.impl.DriverException: Error {
  message=&apos;Chromium distribution &apos;chrome&apos; is not found at C:\Users\Dell\AppData\Local\Google\Chrome\Application\chrome.exe
Run &quot;mvn exec:java -e -D exec.mainClass=com.microsoft.playwright.CLI -D exec.args=&quot;install chrome&quot;&quot;
  name=&apos;Error
  stack=&apos;Error: Chromium distribution &apos;chrome&apos; is not found at C:\Users\Dell\AppData\Local\Google\Chrome\Application\chrome.exe
Run &quot;mvn exec:java -e -D exec.mainClass=com.microsoft.playwright.CLI -D exec.args=&quot;install chrome&quot;&quot;
    at executablePath (C:\Users\Dell\AppData\Local\Temp\playwright-java-18280904149367090476\package\lib\server\registry\index.js:806:13)
    at Object.executablePathOrDie (C:\Users\Dell\AppData\Local\Temp\playwright-java-18280904149367090476\package\lib\server\registry\index.js:814:45)
    at Chromium._prepareToLaunch (C:\Users\Dell\AppData\Local\Temp\playwright-java-18280904149367090476\package\lib\server\browserType.js:172:39)
    at async Chromium._launchProcess (C:\Users\Dell\AppData\Local\Temp\playwright-java-18280904149367090476\package\lib\server\browserType.js:184:22)
    at async Chromium._innerLaunch (C:\Users\Dell\AppData\Local\Temp\playwright-java-18280904149367090476\package\lib\server\browserType.js:106:70)
    at async Chromium._innerLaunchWithRetries (C:\Users\Dell\AppData\Local\Temp\playwright-java-18280904149367090476\package\lib\server\browserType.js:93:14)
    at async BrowserTypeDispatcher.launch (C:\Users\Dell\AppData\Local\Temp\playwright-java-18280904149367090476\package\lib\server\dispatchers\browserTypeDispatcher.js:39:21)
    at async ProgressController.run (C:\Users\Dell\AppData\Local\Temp\playwright-java-18280904149367090476\package\lib\server\progress.js:139:41)
    at async BrowserTypeDispatcher._runCommand (C:\Users\Dell\AppData\Local\Temp\playwright-java-18280904149367090476\package\lib\server\dispatchers\dispatcher.js:91:14)
    at async DispatcherConnection.dispatch (C:\Users\Dell\AppData\Local\Temp\playwright-java-18280904149367090476\package\lib\server\dispatchers\dispatcher.js:322:22)
}
	at com.microsoft.playwright.impl.Connection.dispatch(Connection.java:262)
	at com.microsoft.playwright.impl.Connection.processOneMessage(Connection.java:214)
	at com.microsoft.playwright.impl.ChannelOwner.runUntil(ChannelOwner.java:136)
	... 35 more
... Removed 29 stack frames</pre></div><a href='#' onClick='toggleBox("stack-trace330551672", this, "Click to show all stack frames", "Click to hide stack frames")'>Click to show all stack frames</a>
<div class='stack-trace' id='stack-trace330551672'><pre>com.microsoft.playwright.PlaywrightException: Error {
  message=&apos;Chromium distribution &apos;chrome&apos; is not found at C:\Users\Dell\AppData\Local\Google\Chrome\Application\chrome.exe
Run &quot;mvn exec:java -e -D exec.mainClass=com.microsoft.playwright.CLI -D exec.args=&quot;install chrome&quot;&quot;
  name=&apos;Error
  stack=&apos;Error: Chromium distribution &apos;chrome&apos; is not found at C:\Users\Dell\AppData\Local\Google\Chrome\Application\chrome.exe
Run &quot;mvn exec:java -e -D exec.mainClass=com.microsoft.playwright.CLI -D exec.args=&quot;install chrome&quot;&quot;
    at executablePath (C:\Users\Dell\AppData\Local\Temp\playwright-java-18280904149367090476\package\lib\server\registry\index.js:806:13)
    at Object.executablePathOrDie (C:\Users\Dell\AppData\Local\Temp\playwright-java-18280904149367090476\package\lib\server\registry\index.js:814:45)
    at Chromium._prepareToLaunch (C:\Users\Dell\AppData\Local\Temp\playwright-java-18280904149367090476\package\lib\server\browserType.js:172:39)
    at async Chromium._launchProcess (C:\Users\Dell\AppData\Local\Temp\playwright-java-18280904149367090476\package\lib\server\browserType.js:184:22)
    at async Chromium._innerLaunch (C:\Users\Dell\AppData\Local\Temp\playwright-java-18280904149367090476\package\lib\server\browserType.js:106:70)
    at async Chromium._innerLaunchWithRetries (C:\Users\Dell\AppData\Local\Temp\playwright-java-18280904149367090476\package\lib\server\browserType.js:93:14)
    at async BrowserTypeDispatcher.launch (C:\Users\Dell\AppData\Local\Temp\playwright-java-18280904149367090476\package\lib\server\dispatchers\browserTypeDispatcher.js:39:21)
    at async ProgressController.run (C:\Users\Dell\AppData\Local\Temp\playwright-java-18280904149367090476\package\lib\server\progress.js:139:41)
    at async BrowserTypeDispatcher._runCommand (C:\Users\Dell\AppData\Local\Temp\playwright-java-18280904149367090476\package\lib\server\dispatchers\dispatcher.js:91:14)
    at async DispatcherConnection.dispatch (C:\Users\Dell\AppData\Local\Temp\playwright-java-18280904149367090476\package\lib\server\dispatchers\dispatcher.js:322:22)
}
	at com.microsoft.playwright.impl.WaitableResult.get(WaitableResult.java:56)
	at com.microsoft.playwright.impl.ChannelOwner.runUntil(ChannelOwner.java:138)
	at com.microsoft.playwright.impl.Connection.sendMessage(Connection.java:131)
	at com.microsoft.playwright.impl.ChannelOwner.sendMessage(ChannelOwner.java:124)
	at com.microsoft.playwright.impl.BrowserTypeImpl.launch(BrowserTypeImpl.java:48)
	at com.microsoft.playwright.impl.BrowserTypeImpl.launch(BrowserTypeImpl.java:35)
	at com.utilities.TestBase.setUp(TestBase.java:30)
	at java.base/jdk.internal.reflect.DirectMethodHandleAccessor.invoke(DirectMethodHandleAccessor.java:103)
	at java.base/java.lang.reflect.Method.invoke(Method.java:580)
	at org.testng.internal.invokers.MethodInvocationHelper.invokeMethod(MethodInvocationHelper.java:139)
	at org.testng.internal.invokers.MethodInvocationHelper.invokeMethodConsideringTimeout(MethodInvocationHelper.java:69)
	at org.testng.internal.invokers.ConfigInvoker.invokeConfigurationMethod(ConfigInvoker.java:361)
	at org.testng.internal.invokers.ConfigInvoker.invokeConfigurations(ConfigInvoker.java:296)
	at org.testng.internal.invokers.TestInvoker.runConfigMethods(TestInvoker.java:823)
	at org.testng.internal.invokers.TestInvoker.invokeMethod(TestInvoker.java:590)
	at org.testng.internal.invokers.TestInvoker.invokeTestMethod(TestInvoker.java:221)
	at org.testng.internal.invokers.MethodRunner.runInSequence(MethodRunner.java:50)
	at org.testng.internal.invokers.TestInvoker$MethodInvocationAgent.invoke(TestInvoker.java:969)
	at org.testng.internal.invokers.TestInvoker.invokeTestMethods(TestInvoker.java:194)
	at org.testng.internal.invokers.TestMethodWorker.invokeTestMethods(TestMethodWorker.java:148)
	at org.testng.internal.invokers.TestMethodWorker.run(TestMethodWorker.java:128)
	at java.base/java.util.ArrayList.forEach(ArrayList.java:1596)
	at org.testng.TestRunner.privateRun(TestRunner.java:829)
	at org.testng.TestRunner.run(TestRunner.java:602)
	at org.testng.SuiteRunner.runTest(SuiteRunner.java:437)
	at org.testng.SuiteRunner.runSequentially(SuiteRunner.java:431)
	at org.testng.SuiteRunner.privateRun(SuiteRunner.java:391)
	at org.testng.SuiteRunner.run(SuiteRunner.java:330)
	at org.testng.SuiteRunnerWorker.runSuite(SuiteRunnerWorker.java:52)
	at org.testng.SuiteRunnerWorker.run(SuiteRunnerWorker.java:95)
	at org.testng.TestNG.runSuitesSequentially(TestNG.java:1256)
	at org.testng.TestNG.runSuitesLocally(TestNG.java:1176)
	at org.testng.TestNG.runSuites(TestNG.java:1099)
	at org.testng.TestNG.run(TestNG.java:1067)
	at org.testng.remote.AbstractRemoteTestNG.run(AbstractRemoteTestNG.java:115)
	at org.testng.remote.RemoteTestNG.initAndRun(RemoteTestNG.java:293)
	at org.testng.remote.RemoteTestNG.main(RemoteTestNG.java:91)
Caused by: com.microsoft.playwright.impl.DriverException: Error {
  message=&apos;Chromium distribution &apos;chrome&apos; is not found at C:\Users\Dell\AppData\Local\Google\Chrome\Application\chrome.exe
Run &quot;mvn exec:java -e -D exec.mainClass=com.microsoft.playwright.CLI -D exec.args=&quot;install chrome&quot;&quot;
  name=&apos;Error
  stack=&apos;Error: Chromium distribution &apos;chrome&apos; is not found at C:\Users\Dell\AppData\Local\Google\Chrome\Application\chrome.exe
Run &quot;mvn exec:java -e -D exec.mainClass=com.microsoft.playwright.CLI -D exec.args=&quot;install chrome&quot;&quot;
    at executablePath (C:\Users\Dell\AppData\Local\Temp\playwright-java-18280904149367090476\package\lib\server\registry\index.js:806:13)
    at Object.executablePathOrDie (C:\Users\Dell\AppData\Local\Temp\playwright-java-18280904149367090476\package\lib\server\registry\index.js:814:45)
    at Chromium._prepareToLaunch (C:\Users\Dell\AppData\Local\Temp\playwright-java-18280904149367090476\package\lib\server\browserType.js:172:39)
    at async Chromium._launchProcess (C:\Users\Dell\AppData\Local\Temp\playwright-java-18280904149367090476\package\lib\server\browserType.js:184:22)
    at async Chromium._innerLaunch (C:\Users\Dell\AppData\Local\Temp\playwright-java-18280904149367090476\package\lib\server\browserType.js:106:70)
    at async Chromium._innerLaunchWithRetries (C:\Users\Dell\AppData\Local\Temp\playwright-java-18280904149367090476\package\lib\server\browserType.js:93:14)
    at async BrowserTypeDispatcher.launch (C:\Users\Dell\AppData\Local\Temp\playwright-java-18280904149367090476\package\lib\server\dispatchers\browserTypeDispatcher.js:39:21)
    at async ProgressController.run (C:\Users\Dell\AppData\Local\Temp\playwright-java-18280904149367090476\package\lib\server\progress.js:139:41)
    at async BrowserTypeDispatcher._runCommand (C:\Users\Dell\AppData\Local\Temp\playwright-java-18280904149367090476\package\lib\server\dispatchers\dispatcher.js:91:14)
    at async DispatcherConnection.dispatch (C:\Users\Dell\AppData\Local\Temp\playwright-java-18280904149367090476\package\lib\server\dispatchers\dispatcher.js:322:22)
}
	at com.microsoft.playwright.impl.Connection.dispatch(Connection.java:262)
	at com.microsoft.playwright.impl.Connection.processOneMessage(Connection.java:214)
	at com.microsoft.playwright.impl.ChannelOwner.runUntil(ChannelOwner.java:136)
	... 35 more
</pre></div></td>
<td>0</td>
<td>com.tests.LoginTest@8f4ea7c</td></tr>
</table><p>
</body>
</html>